#
# There is insufficient memory for the Java Runtime Environment to continue.
# Native memory allocation (malloc) failed to allocate 32744 bytes for ChunkPool::allocate
# Possible reasons:
#   The system is out of physical RAM or swap space
#   In 32 bit mode, the process size limit was hit
# Possible solutions:
#   Reduce memory load on the system
#   Increase physical memory or swap space
#   Check if swap backing store is full
#   Use 64 bit Java on a 64 bit OS
#   Decrease Java heap size (-Xmx/-Xms)
#   Decrease number of Java threads
#   Decrease Java thread stack sizes (-Xss)
#   Set larger code cache with -XX:ReservedCodeCacheSize=
# This output file may be truncated or incomplete.
#
#  Out of Memory Error (allocation.cpp:273), pid=9064, tid=0x0000000000001f54
#
# JRE version: Java(TM) SE Runtime Environment (8.0_172-b11) (build 1.8.0_172-b11)
# Java VM: Java HotSpot(TM) 64-Bit Server VM (25.172-b11 mixed mode windows-amd64 compressed oops)
# Failed to write core dump. 
#

---------------  T H R E A D  ---------------

Current thread (0x0000000017d29800):  JavaThread "C2 CompilerThread0" daemon [_thread_in_native, id=8020, stack(0x0000000018ce0000,0x0000000018de0000)]

Stack: [0x0000000018ce0000,0x0000000018de0000]
[error occurred during error reporting (printing stack bounds), id 0xc0000005]

Native frames: (J=compiled Java code, j=interpreted, Vv=VM code, C=native code)


Current CompileTask:
C2:   5365 2780   !   4       org.codehaus.plexus.interpolation.StringSearchInterpolator::interpolate (655 bytes)


---------------  P R O C E S S  ---------------

Java Threads: ( => current thread )
  0x000000001ad6a800 JavaThread "resolver-3" daemon [_thread_blocked, id=4824, stack(0x000000001d0f0000,0x000000001d1f0000)]
  0x000000001ad69800 JavaThread "resolver-2" daemon [_thread_blocked, id=7688, stack(0x000000001cff0000,0x000000001d0f0000)]
  0x000000001ad69000 JavaThread "resolver-1" daemon [_thread_blocked, id=5348, stack(0x000000001cef0000,0x000000001cff0000)]
  0x000000001ab19800 JavaThread "Thread-1" daemon [_thread_blocked, id=5548, stack(0x000000001b4b0000,0x000000001b5b0000)]
  0x0000000018f31000 JavaThread "Service Thread" daemon [_thread_blocked, id=6796, stack(0x00000000192e0000,0x00000000193e0000)]
  0x0000000017d2d000 JavaThread "C1 CompilerThread1" daemon [_thread_blocked, id=4808, stack(0x0000000018de0000,0x0000000018ee0000)]
=>0x0000000017d29800 JavaThread "C2 CompilerThread0" daemon [_thread_in_native, id=8020, stack(0x0000000018ce0000,0x0000000018de0000)]
  0x0000000017d28000 JavaThread "Monitor Ctrl-Break" daemon [_thread_in_native, id=6676, stack(0x0000000018be0000,0x0000000018ce0000)]
  0x0000000017ca9800 JavaThread "Attach Listener" daemon [_thread_blocked, id=6384, stack(0x0000000018ae0000,0x0000000018be0000)]
  0x0000000017ca6000 JavaThread "Signal Dispatcher" daemon [_thread_blocked, id=3264, stack(0x00000000189e0000,0x0000000018ae0000)]
  0x00000000032c8800 JavaThread "Finalizer" daemon [_thread_blocked, id=7944, stack(0x00000000188e0000,0x00000000189e0000)]
  0x00000000032be800 JavaThread "Reference Handler" daemon [_thread_blocked, id=4352, stack(0x00000000187e0000,0x00000000188e0000)]
  0x00000000031d2800 JavaThread "main" [_thread_blocked, id=6268, stack(0x0000000002cf0000,0x0000000002df0000)]

Other Threads:
  0x0000000017c76800 VMThread [stack: 0x00000000186e0000,0x00000000187e0000] [id=3956]
  0x0000000018f39800 WatcherThread [stack: 0x00000000193e0000,0x00000000194e0000] [id=6284]

VM state:at safepoint (normal execution)

VM Mutex/Monitor currently owned by a thread:  ([mutex/lock_event])
[0x0000000002ecd760] Threads_lock - owner thread: 0x0000000017c76800
[0x00000000031d0d50] Heap_lock - owner thread: 0x00000000031d2800

Heap:
 PSYoungGen      total 71680K, used 71664K [0x00000000d5580000, 0x00000000da080000, 0x0000000100000000)
  eden space 66560K, 100% used [0x00000000d5580000,0x00000000d9680000,0x00000000d9680000)
  from space 5120K, 99% used [0x00000000d9b80000,0x00000000da07c030,0x00000000da080000)
  to   space 5120K, 29% used [0x00000000d9680000,0x00000000d97fc010,0x00000000d9b80000)
 ParOldGen       total 87552K, used 14489K [0x0000000080000000, 0x0000000085580000, 0x00000000d5580000)
  object space 87552K, 16% used [0x0000000080000000,0x0000000080e26528,0x0000000085580000)
 Metaspace       used 18536K, capacity 18958K, committed 19200K, reserved 1067008K
  class space    used 2137K, capacity 2224K, committed 2304K, reserved 1048576K

Card table byte_map: [0x0000000012690000,0x0000000012aa0000] byte_map_base: 0x0000000012290000

Marking Bits: (ParMarkBitMap*) 0x0000000068573c10
 Begin Bits: [0x0000000012f50000, 0x0000000014f50000)
 End Bits:   [0x0000000014f50000, 0x0000000016f50000)

Polling page: 0x0000000001270000

CodeCache: size=245760Kb used=9736Kb max_used=9736Kb free=236023Kb
 bounds [0x00000000032d0000, 0x0000000003c60000, 0x00000000122d0000]
 total_blobs=3642 nmethods=3258 adapters=296
 compilation: enabled

Compilation events (10 events):
Event: 5.339 Thread 0x0000000017d2d000 3282       2       org.apache.maven.model.Site::setUrl (6 bytes)
Event: 5.339 Thread 0x0000000017d2d000 nmethod 3282 0x0000000003c55090 code [0x0000000003c551e0, 0x0000000003c55350]
Event: 5.343 Thread 0x0000000017d2d000 3283       2       java.util.Collections$EmptyList::iterator (4 bytes)
Event: 5.343 Thread 0x0000000017d2d000 nmethod 3283 0x0000000003c553d0 code [0x0000000003c55520, 0x0000000003c55670]
Event: 5.345 Thread 0x0000000017d2d000 3284       2       org.apache.maven.artifact.DefaultArtifact::appendArtifactTypeClassifierString (49 bytes)
Event: 5.345 Thread 0x0000000017d2d000 nmethod 3284 0x0000000003c556d0 code [0x0000000003c55860, 0x0000000003c55ae8]
Event: 5.348 Thread 0x0000000017d2d000 3285   !   2       org.apache.maven.model.Site::clone (73 bytes)
Event: 5.348 Thread 0x0000000017d2d000 nmethod 3285 0x0000000003c55d10 code [0x0000000003c55f00, 0x0000000003c56518]
Event: 5.349 Thread 0x0000000017d2d000 3286       2       org.apache.maven.model.Model::setGroupId (6 bytes)
Event: 5.349 Thread 0x0000000017d2d000 nmethod 3286 0x0000000003c56990 code [0x0000000003c56ae0, 0x0000000003c56c50]

GC Heap History (9 events):
Event: 0.955 GC heap before
{Heap before GC invocations=1 (full 0):
 PSYoungGen      total 38400K, used 33280K [0x00000000d5580000, 0x00000000d8000000, 0x0000000100000000)
  eden space 33280K, 100% used [0x00000000d5580000,0x00000000d7600000,0x00000000d7600000)
  from space 5120K, 0% used [0x00000000d7b00000,0x00000000d7b00000,0x00000000d8000000)
  to   space 5120K, 0% used [0x00000000d7600000,0x00000000d7600000,0x00000000d7b00000)
 ParOldGen       total 87552K, used 0K [0x0000000080000000, 0x0000000085580000, 0x00000000d5580000)
  object space 87552K, 0% used [0x0000000080000000,0x0000000080000000,0x0000000085580000)
 Metaspace       used 8080K, capacity 8176K, committed 8320K, reserved 1056768K
  class space    used 1006K, capacity 1048K, committed 1152K, reserved 1048576K
Event: 0.979 GC heap after
Heap after GC invocations=1 (full 0):
 PSYoungGen      total 38400K, used 4571K [0x00000000d5580000, 0x00000000da080000, 0x0000000100000000)
  eden space 33280K, 0% used [0x00000000d5580000,0x00000000d5580000,0x00000000d7600000)
  from space 5120K, 89% used [0x00000000d7600000,0x00000000d7a76e18,0x00000000d7b00000)
  to   space 5120K, 0% used [0x00000000d9b80000,0x00000000d9b80000,0x00000000da080000)
 ParOldGen       total 87552K, used 0K [0x0000000080000000, 0x0000000085580000, 0x00000000d5580000)
  object space 87552K, 0% used [0x0000000080000000,0x0000000080000000,0x0000000085580000)
 Metaspace       used 8080K, capacity 8176K, committed 8320K, reserved 1056768K
  class space    used 1006K, capacity 1048K, committed 1152K, reserved 1048576K
}
Event: 1.649 GC heap before
{Heap before GC invocations=2 (full 0):
 PSYoungGen      total 38400K, used 37851K [0x00000000d5580000, 0x00000000da080000, 0x0000000100000000)
  eden space 33280K, 100% used [0x00000000d5580000,0x00000000d7600000,0x00000000d7600000)
  from space 5120K, 89% used [0x00000000d7600000,0x00000000d7a76e18,0x00000000d7b00000)
  to   space 5120K, 0% used [0x00000000d9b80000,0x00000000d9b80000,0x00000000da080000)
 ParOldGen       total 87552K, used 0K [0x0000000080000000, 0x0000000085580000, 0x00000000d5580000)
  object space 87552K, 0% used [0x0000000080000000,0x0000000080000000,0x0000000085580000)
 Metaspace       used 11472K, capacity 11670K, committed 11776K, reserved 1058816K
  class space    used 1433K, capacity 1507K, committed 1536K, reserved 1048576K
Event: 1.659 GC heap after
Heap after GC invocations=2 (full 0):
 PSYoungGen      total 71680K, used 5104K [0x00000000d5580000, 0x00000000da080000, 0x0000000100000000)
  eden space 66560K, 0% used [0x00000000d5580000,0x00000000d5580000,0x00000000d9680000)
  from space 5120K, 99% used [0x00000000d9b80000,0x00000000da07c238,0x00000000da080000)
  to   space 5120K, 0% used [0x00000000d9680000,0x00000000d9680000,0x00000000d9b80000)
 ParOldGen       total 87552K, used 1343K [0x0000000080000000, 0x0000000085580000, 0x00000000d5580000)
  object space 87552K, 1% used [0x0000000080000000,0x000000008014ff50,0x0000000085580000)
 Metaspace       used 11472K, capacity 11670K, committed 11776K, reserved 1058816K
  class space    used 1433K, capacity 1507K, committed 1536K, reserved 1048576K
}
Event: 3.000 GC heap before
{Heap before GC invocations=3 (full 0):
 PSYoungGen      total 71680K, used 71664K [0x00000000d5580000, 0x00000000da080000, 0x0000000100000000)
  eden space 66560K, 100% used [0x00000000d5580000,0x00000000d9680000,0x00000000d9680000)
  from space 5120K, 99% used [0x00000000d9b80000,0x00000000da07c238,0x00000000da080000)
  to   space 5120K, 0% used [0x00000000d9680000,0x00000000d9680000,0x00000000d9b80000)
 ParOldGen       total 87552K, used 1343K [0x0000000080000000, 0x0000000085580000, 0x00000000d5580000)
  object space 87552K, 1% used [0x0000000080000000,0x000000008014ff50,0x0000000085580000)
 Metaspace       used 15322K, capacity 15586K, committed 15872K, reserved 1062912K
  class space    used 1867K, capacity 1941K, committed 2048K, reserved 1048576K
Event: 3.031 GC heap after
Heap after GC invocations=3 (full 0):
 PSYoungGen      total 71680K, used 5104K [0x00000000d5580000, 0x00000000da080000, 0x0000000100000000)
  eden space 66560K, 0% used [0x00000000d5580000,0x00000000d5580000,0x00000000d9680000)
  from space 5120K, 99% used [0x00000000d9680000,0x00000000d9b7c010,0x00000000d9b80000)
  to   space 5120K, 0% used [0x00000000d9b80000,0x00000000d9b80000,0x00000000da080000)
 ParOldGen       total 87552K, used 8838K [0x0000000080000000, 0x0000000085580000, 0x00000000d5580000)
  object space 87552K, 10% used [0x0000000080000000,0x00000000808a18a8,0x0000000085580000)
 Metaspace       used 15322K, capacity 15586K, committed 15872K, reserved 1062912K
  class space    used 1867K, capacity 1941K, committed 2048K, reserved 1048576K
}
Event: 4.237 GC heap before
{Heap before GC invocations=4 (full 0):
 PSYoungGen      total 71680K, used 71664K [0x00000000d5580000, 0x00000000da080000, 0x0000000100000000)
  eden space 66560K, 100% used [0x00000000d5580000,0x00000000d9680000,0x00000000d9680000)
  from space 5120K, 99% used [0x00000000d9680000,0x00000000d9b7c010,0x00000000d9b80000)
  to   space 5120K, 0% used [0x00000000d9b80000,0x00000000d9b80000,0x00000000da080000)
 ParOldGen       total 87552K, used 8838K [0x0000000080000000, 0x0000000085580000, 0x00000000d5580000)
  object space 87552K, 10% used [0x0000000080000000,0x00000000808a18a8,0x0000000085580000)
 Metaspace       used 16567K, capacity 16830K, committed 17024K, reserved 1064960K
  class space    used 1974K, capacity 2051K, committed 2176K, reserved 1048576K
Event: 4.270 GC heap after
Heap after GC invocations=4 (full 0):
 PSYoungGen      total 71680K, used 5104K [0x00000000d5580000, 0x00000000da080000, 0x0000000100000000)
  eden space 66560K, 0% used [0x00000000d5580000,0x00000000d5580000,0x00000000d9680000)
  from space 5120K, 99% used [0x00000000d9b80000,0x00000000da07c030,0x00000000da080000)
  to   space 5120K, 0% used [0x00000000d9680000,0x00000000d9680000,0x00000000d9b80000)
 ParOldGen       total 87552K, used 14489K [0x0000000080000000, 0x0000000085580000, 0x00000000d5580000)
  object space 87552K, 16% used [0x0000000080000000,0x0000000080e26528,0x0000000085580000)
 Metaspace       used 16567K, capacity 16830K, committed 17024K, reserved 1064960K
  class space    used 1974K, capacity 2051K, committed 2176K, reserved 1048576K
}
Event: 5.349 GC heap before
{Heap before GC invocations=5 (full 0):
 PSYoungGen      total 71680K, used 71664K [0x00000000d5580000, 0x00000000da080000, 0x0000000100000000)
  eden space 66560K, 100% used [0x00000000d5580000,0x00000000d9680000,0x00000000d9680000)
  from space 5120K, 99% used [0x00000000d9b80000,0x00000000da07c030,0x00000000da080000)
  to   space 5120K, 0% used [0x00000000d9680000,0x00000000d9680000,0x00000000d9b80000)
 ParOldGen       total 87552K, used 14489K [0x0000000080000000, 0x0000000085580000, 0x00000000d5580000)
  object space 87552K, 16% used [0x0000000080000000,0x0000000080e26528,0x0000000085580000)
 Metaspace       used 18536K, capacity 18958K, committed 19200K, reserved 1067008K
  class space    used 2137K, capacity 2224K, committed 2304K, reserved 1048576K

Deoptimization events (10 events):
Event: 3.478 Thread 0x00000000031d2800 Uncommon trap: reason=speculate_class_check action=maybe_recompile pc=0x000000000392ca78 method=java.nio.charset.CharsetDecoder.decode(Ljava/nio/ByteBuffer;Ljava/nio/CharBuffer;Z)Ljava/nio/charset/CoderResult; @ 57
Event: 3.478 Thread 0x00000000031d2800 Uncommon trap: reason=class_check action=maybe_recompile pc=0x0000000003544890 method=java.nio.charset.CharsetDecoder.decode(Ljava/nio/ByteBuffer;Ljava/nio/CharBuffer;Z)Ljava/nio/charset/CoderResult; @ 57
Event: 3.479 Thread 0x00000000031d2800 Uncommon trap: reason=speculate_class_check action=maybe_recompile pc=0x0000000003828e5c method=java.nio.charset.CharsetDecoder.decode(Ljava/nio/ByteBuffer;Ljava/nio/CharBuffer;Z)Ljava/nio/charset/CoderResult; @ 57
Event: 3.479 Thread 0x00000000031d2800 Uncommon trap: reason=speculate_class_check action=maybe_recompile pc=0x0000000003828e5c method=java.nio.charset.CharsetDecoder.decode(Ljava/nio/ByteBuffer;Ljava/nio/CharBuffer;Z)Ljava/nio/charset/CoderResult; @ 57
Event: 3.608 Thread 0x00000000031d2800 Uncommon trap: reason=intrinsic action=make_not_entrant pc=0x00000000039edd28 method=org.apache.maven.model.Dependency.getManagementKey()Ljava/lang/String; @ 8
Event: 3.642 Thread 0x00000000031d2800 Uncommon trap: reason=unstable_if action=reinterpret pc=0x0000000003636c84 method=java.util.HashMap.getNode(ILjava/lang/Object;)Ljava/util/HashMap$Node; @ 53
Event: 3.922 Thread 0x00000000031d2800 Uncommon trap: reason=unstable_if action=reinterpret pc=0x0000000003817790 method=java.util.LinkedHashMap.afterNodeInsertion(Z)V @ 18
Event: 4.138 Thread 0x00000000031d2800 Uncommon trap: reason=bimorphic action=maybe_recompile pc=0x0000000003821b50 method=java.util.regex.Pattern$CharProperty.match(Ljava/util/regex/Matcher;ILjava/lang/CharSequence;)Z @ 37
Event: 4.692 Thread 0x00000000031d2800 Uncommon trap: reason=bimorphic action=maybe_recompile pc=0x0000000003821b50 method=java.util.regex.Pattern$CharProperty.match(Ljava/util/regex/Matcher;ILjava/lang/CharSequence;)Z @ 37
Event: 4.959 Thread 0x00000000031d2800 Uncommon trap: reason=bimorphic action=maybe_recompile pc=0x0000000003821b50 method=java.util.regex.Pattern$CharProperty.match(Ljava/util/regex/Matcher;ILjava/lang/CharSequence;)Z @ 37

Classes redefined (0 events):
No events

Internal exceptions (10 events):
Event: 1.163 Thread 0x00000000031d2800 Exception <a 'java/lang/ArrayIndexOutOfBoundsException'> (0x00000000d5d84ae8) thrown at [C:\re\workspace\8-2-build-windows-amd64-cygwin\jdk8u172\10810\hotspot\src\share\vm\runtime\sharedRuntime.cpp, line 605]
Event: 1.163 Thread 0x00000000031d2800 Exception <a 'java/lang/ArrayIndexOutOfBoundsException'> (0x00000000d5d89378) thrown at [C:\re\workspace\8-2-build-windows-amd64-cygwin\jdk8u172\10810\hotspot\src\share\vm\runtime\sharedRuntime.cpp, line 605]
Event: 1.968 Thread 0x00000000031d2800 Exception <a 'java/lang/NoClassDefFoundError': com/google/inject/servlet/ServletModuleTargetVisitor> (0x00000000d6049cf8) thrown at [C:\re\workspace\8-2-build-windows-amd64-cygwin\jdk8u172\10810\hotspot\src\share\vm\classfile\systemDictionary.cpp, line 19
Event: 1.968 Thread 0x00000000031d2800 Exception <a 'java/lang/NoClassDefFoundError'> (0x00000000d6049cf8) thrown at [C:\re\workspace\8-2-build-windows-amd64-cygwin\jdk8u172\10810\hotspot\src\share\vm\prims\jvm.cpp, line 1439]
Event: 1.968 Thread 0x00000000031d2800 Exception <a 'java/lang/NoClassDefFoundError': javax/annotation/Priority> (0x00000000d604ed00) thrown at [C:\re\workspace\8-2-build-windows-amd64-cygwin\jdk8u172\10810\hotspot\src\share\vm\classfile\systemDictionary.cpp, line 199]
Event: 2.133 Thread 0x00000000031d2800 Implicit null exception at 0x000000000349a25b to 0x000000000349a405
Event: 2.805 Thread 0x00000000031d2800 Implicit null exception at 0x0000000003688155 to 0x000000000368832d
Event: 2.805 Thread 0x00000000031d2800 Implicit null exception at 0x000000000350ffef to 0x0000000003510059
Event: 3.454 Thread 0x00000000031d2800 Implicit null exception at 0x0000000003a019a7 to 0x0000000003a02cad
Event: 4.995 Thread 0x00000000031d2800 Exception <a 'java/lang/NoSuchMethodError': org.apache.maven.execution.MavenExecutionRequest.getFailureBehavior()Ljava/lang/String;> (0x00000000d7c4fb38) thrown at [C:\re\workspace\8-2-build-windows-amd64-cygwin\jdk8u172\10810\hotspot\src\share\vm\interpr

Events (10 events):
Event: 5.298 loading class org/apache/maven/model/Model done
Event: 5.298 loading class org/apache/maven/model/Model
Event: 5.298 loading class org/apache/maven/model/Model done
Event: 5.298 loading class org/apache/maven/surefire/util/internal/ImmutableMap
Event: 5.298 loading class org/apache/maven/surefire/util/internal/ImmutableMap done
Event: 5.298 loading class org/apache/maven/surefire/util/internal/ImmutableMap
Event: 5.298 loading class org/apache/maven/surefire/util/internal/ImmutableMap done
Event: 5.333 Thread 0x00000000031d2800 DEOPT PACKING pc=0x000000000382e304 sp=0x0000000002dec7e0
Event: 5.333 Thread 0x00000000031d2800 DEOPT UNPACKING pc=0x0000000003317890 sp=0x0000000002dec510 mode 0
Event: 5.349 Executing VM operation: ParallelGCFailedAllocation


Dynamic libraries:
0x00007ff79a4f0000 - 0x00007ff79a527000 	C:\Program Files\Java\jdk1.8.0_172\bin\java.exe
0x00007ffd30fc0000 - 0x00007ffd31190000 	C:\Windows\SYSTEM32\ntdll.dll
0x00007ffd30b60000 - 0x00007ffd30c0c000 	C:\Windows\System32\KERNEL32.DLL
0x00007ffd2de90000 - 0x00007ffd2e0ad000 	C:\Windows\System32\KERNELBASE.dll
0x00007ffd30f10000 - 0x00007ffd30fb2000 	C:\Windows\System32\ADVAPI32.dll
0x00007ffd30a50000 - 0x00007ffd30aee000 	C:\Windows\System32\msvcrt.dll
0x00007ffd2fd20000 - 0x00007ffd2fd79000 	C:\Windows\System32\sechost.dll
0x00007ffd30c10000 - 0x00007ffd30d31000 	C:\Windows\System32\RPCRT4.dll
0x00007ffd30d40000 - 0x00007ffd30ea5000 	C:\Windows\System32\USER32.dll
0x00007ffd2dca0000 - 0x00007ffd2dcbe000 	C:\Windows\System32\win32u.dll
0x00007ffd2e550000 - 0x00007ffd2e584000 	C:\Windows\System32\GDI32.dll
0x00007ffd2e0b0000 - 0x00007ffd2e231000 	C:\Windows\System32\gdi32full.dll
0x00007ffd29ba0000 - 0x00007ffd29e1a000 	C:\Windows\WinSxS\amd64_microsoft.windows.common-controls_6595b64144ccf1df_6.0.14393.3053_none_7de042968342015d\COMCTL32.dll
0x00007ffd2fd80000 - 0x00007ffd30045000 	C:\Windows\System32\combase.dll
0x00007ffd2e450000 - 0x00007ffd2e544000 	C:\Windows\System32\ucrtbase.dll
0x00007ffd2e240000 - 0x00007ffd2e2aa000 	C:\Windows\System32\bcryptPrimitives.dll
0x00007ffd300b0000 - 0x00007ffd300de000 	C:\Windows\System32\IMM32.DLL
0x0000000068600000 - 0x00000000686d2000 	C:\Program Files\Java\jdk1.8.0_172\jre\bin\msvcr100.dll
0x0000000067d50000 - 0x00000000685f3000 	C:\Program Files\Java\jdk1.8.0_172\jre\bin\server\jvm.dll
0x00007ffd30930000 - 0x00007ffd30938000 	C:\Windows\System32\PSAPI.DLL
0x00007ffd16240000 - 0x00007ffd16249000 	C:\Windows\SYSTEM32\WSOCK32.dll
0x00007ffd309e0000 - 0x00007ffd30a4a000 	C:\Windows\System32\WS2_32.dll
0x00007ffd2b950000 - 0x00007ffd2b973000 	C:\Windows\SYSTEM32\WINMM.dll
0x00007ffd24da0000 - 0x00007ffd24daa000 	C:\Windows\SYSTEM32\VERSION.dll
0x00007ffd2b8c0000 - 0x00007ffd2b8eb000 	C:\Windows\SYSTEM32\WINMMBASE.dll
0x00007ffd2e2b0000 - 0x00007ffd2e2f2000 	C:\Windows\System32\cfgmgr32.dll
0x0000000067d40000 - 0x0000000067d4f000 	C:\Program Files\Java\jdk1.8.0_172\jre\bin\verify.dll
0x0000000067d10000 - 0x0000000067d39000 	C:\Program Files\Java\jdk1.8.0_172\jre\bin\java.dll
0x0000000067c50000 - 0x0000000067c73000 	C:\Program Files\Java\jdk1.8.0_172\jre\bin\instrument.dll
0x0000000067cf0000 - 0x0000000067d06000 	C:\Program Files\Java\jdk1.8.0_172\jre\bin\zip.dll
0x00007ffd2e670000 - 0x00007ffd2fb75000 	C:\Windows\System32\SHELL32.dll
0x00007ffd2d4b0000 - 0x00007ffd2db8a000 	C:\Windows\System32\windows.storage.dll
0x00007ffd2d430000 - 0x00007ffd2d47c000 	C:\Windows\System32\powrprof.dll
0x00007ffd30050000 - 0x00007ffd300a2000 	C:\Windows\System32\shlwapi.dll
0x00007ffd2d420000 - 0x00007ffd2d42f000 	C:\Windows\System32\kernel.appcore.dll
0x00007ffd2db90000 - 0x00007ffd2dc39000 	C:\Windows\System32\shcore.dll
0x00007ffd2d480000 - 0x00007ffd2d494000 	C:\Windows\System32\profapi.dll
0x00007ffd16c60000 - 0x00007ffd16c7a000 	C:\Program Files\JetBrains\IntelliJ IDEA Community Edition 2019.1.2\bin\breakgen64.dll
0x0000000067ca0000 - 0x0000000067cba000 	C:\Program Files\Java\jdk1.8.0_172\jre\bin\net.dll
0x00007ffd2cce0000 - 0x00007ffd2cd3c000 	C:\Windows\system32\mswsock.dll
0x0000000067c80000 - 0x0000000067c91000 	C:\Program Files\Java\jdk1.8.0_172\jre\bin\nio.dll
0x00007ffd2ce90000 - 0x00007ffd2cea7000 	C:\Windows\SYSTEM32\CRYPTSP.dll
0x00007ffd2c8a0000 - 0x00007ffd2c8d3000 	C:\Windows\system32\rsaenh.dll
0x00007ffd2d360000 - 0x00007ffd2d38b000 	C:\Windows\SYSTEM32\bcrypt.dll
0x00007ffd2cb20000 - 0x00007ffd2cb3f000 	C:\Windows\SYSTEM32\USERENV.dll
0x00007ffd2ceb0000 - 0x00007ffd2cebb000 	C:\Windows\SYSTEM32\CRYPTBASE.dll
0x00007ffd2ca20000 - 0x00007ffd2ca58000 	C:\Windows\SYSTEM32\IPHLPAPI.DLL
0x00007ffd30290000 - 0x00007ffd30298000 	C:\Windows\System32\NSI.dll
0x00007ffd25ea0000 - 0x00007ffd25eb6000 	C:\Windows\SYSTEM32\dhcpcsvc6.DLL
0x00007ffd26510000 - 0x00007ffd2652a000 	C:\Windows\SYSTEM32\dhcpcsvc.DLL

VM Arguments:
jvm_args: -Dmaven.multiModuleProjectDirectory=C:\Projects\mycasestudy -Dmaven.home=C:\Program Files\JetBrains\IntelliJ IDEA Community Edition 2019.1.2\plugins\maven\lib\maven3 -Dclassworlds.conf=C:\Program Files\JetBrains\IntelliJ IDEA Community Edition 2019.1.2\plugins\maven\lib\maven3\bin\m2.conf -javaagent:C:\Program Files\JetBrains\IntelliJ IDEA Community Edition 2019.1.2\lib\idea_rt.jar=59663:C:\Program Files\JetBrains\IntelliJ IDEA Community Edition 2019.1.2\bin -Dfile.encoding=UTF-8 
java_command: org.codehaus.classworlds.Launcher -Didea.version2019.1.2 install
java_class_path (initial): C:\Program Files\JetBrains\IntelliJ IDEA Community Edition 2019.1.2\plugins\maven\lib\maven3\boot\plexus-classworlds-2.5.2.jar;C:\Program Files\JetBrains\IntelliJ IDEA Community Edition 2019.1.2\lib\idea_rt.jar
Launcher Type: SUN_STANDARD

Environment Variables:
PATH=C:\Program Files (x86)\Common Files\Oracle\Java\javapath;C:\Windows\system32;C:\Windows;C:\Windows\System32\Wbem;C:\Windows\System32\WindowsPowerShell\v1.0\;C:\ProgramData\GooGet;C:\Program Files\Google\Compute Engine\metadata_scripts;C:\Program Files\Google\Compute Engine\sysprep;C:\Program Files\Git\cmd;C:\Program Files\PuTTY\;C:\Program Files\TortoiseGit\bin;C:\Users\student\AppData\Local\Microsoft\WindowsApps;;C:\Users\student\AppData\Local\Programs\Microsoft VS Code\bin
USERNAME=student
OS=Windows_NT
PROCESSOR_IDENTIFIER=Intel64 Family 6 Model 69 Stepping 1, GenuineIntel



---------------  S Y S T E M  ---------------

OS: Windows 10.0 , 64 bit Build 14393 (10.0.14393.2969)

CPU:total 2 (initial active 2) (1 cores per cpu, 1 threads per core) family 6 model 69 stepping 1, cmov, cx8, fxsr, mmx, sse, sse2, sse3, ssse3, sse4.1, sse4.2, popcnt, avx, avx2, aes, clmul, erms, lzcnt, tsc, tscinvbit, bmi1, bmi2

Memory: 4k page, physical 8388016k(413384k free), swap 9436592k(4108k free)

vm_info: Java HotSpot(TM) 64-Bit Server VM (25.172-b11) for windows-amd64 JRE (1.8.0_172-b11), built on Mar 28 2018 21:21:52 by "java_re" with MS VC++ 10.0 (VS2010)

time: Thu Aug 22 16:57:42 2019
elapsed time: 5 seconds (0d 0h 0m 5s)

