JvmtiExport can_access_local_variables 0
JvmtiExport can_hotswap_or_post_breakpoint 0
JvmtiExport can_post_on_exceptions 0
# 311 ciObject found
ciMethod java/lang/Object <init> ()V 4097 1 667468 0 0
ciMethod java/lang/Object hashCode ()I 2049 1 256 0 -1
ciMethod java/lang/Object equals (Ljava/lang/Object;)Z 2049 1 68798 0 -1
ciMethod java/lang/Object toString ()Ljava/lang/String; 0 0 4 0 -1
ciMethod java/lang/CharSequence length ()I 0 0 1 0 -1
ciMethod java/lang/CharSequence charAt (I)C 0 0 1 0 -1
ciMethod java/lang/CharSequence toString ()Ljava/lang/String; 0 0 1 0 -1
ciMethod java/lang/String <init> ([CII)V 4097 1 5684 0 736
ciMethod java/lang/String length ()I 4097 1 178486 0 0
ciMethod java/lang/String charAt (I)C 4097 1 486007 0 128
ciMethod java/lang/String getChars (II[CI)V 3617 1 5585 0 320
ciMethod java/lang/String equals (Ljava/lang/Object;)Z 21825 72273 6478 0 -1
ciMethod java/lang/String startsWith (Ljava/lang/String;I)Z 2409 2713 5443 0 256
ciMethod java/lang/String startsWith (Ljava/lang/String;)Z 3313 1 124421 0 224
ciMethod java/lang/String hashCode ()I 2809 32769 1011 0 288
ciMethod java/lang/String lastIndexOf (II)I 1001 43265 731 0 -1
ciMethod java/lang/String lastIndexOfSupplementary (II)I 0 0 1 0 -1
ciMethod java/lang/String indexOf (Ljava/lang/String;)I 2049 1 91669 0 -1
ciMethod java/lang/String indexOf (Ljava/lang/String;I)I 2057 1 133327 0 0
ciMethod java/lang/String indexOf ([CII[CIII)I 841 32769 822 0 1248
ciMethod java/lang/String substring (I)Ljava/lang/String; 2049 1 14281 0 0
ciMethod java/lang/String substring (II)Ljava/lang/String; 3881 1 7719 0 992
ciMethod java/lang/String contains (Ljava/lang/CharSequence;)Z 2049 1 86154 0 0
ciMethod java/lang/String toString ()Ljava/lang/String; 929 1 76886 0 0
ciMethod java/lang/String valueOf (Ljava/lang/Object;)Ljava/lang/String; 601 1 38963 0 0
ciMethod java/lang/System arraycopy (Ljava/lang/Object;ILjava/lang/Object;II)V 11265 1 1408 0 -1
ciMethod java/util/Map get (Ljava/lang/Object;)Ljava/lang/Object; 0 0 1 0 -1
ciMethod java/lang/AbstractStringBuilder <init> (I)V 1881 1 45247 0 0
ciMethod java/lang/AbstractStringBuilder ensureCapacityInternal (I)V 4097 1 169923 0 672
ciMethod java/lang/AbstractStringBuilder newCapacity (I)I 1473 1 2701 0 0
ciMethod java/lang/AbstractStringBuilder hugeCapacity (I)I 0 0 1 0 -1
ciMethod java/lang/AbstractStringBuilder append (Ljava/lang/String;)Ljava/lang/AbstractStringBuilder; 3121 1 5592 0 992
ciMethod java/lang/AbstractStringBuilder appendNull ()Ljava/lang/AbstractStringBuilder; 0 0 1 0 -1
ciMethod java/lang/AbstractStringBuilder append (Ljava/lang/CharSequence;II)Ljava/lang/AbstractStringBuilder; 2049 7497 32002 0 1632
ciMethod java/lang/StringBuilder <init> ()V 1377 1 16215 0 -1
ciMethod java/lang/StringBuilder <init> (I)V 977 1 21947 0 0
ciMethod java/lang/StringBuilder append (Ljava/lang/String;)Ljava/lang/StringBuilder; 3025 1 74778 0 1024
ciMethod java/lang/StringBuilder append (Ljava/lang/CharSequence;II)Ljava/lang/StringBuilder; 2049 1 30786 0 0
ciMethod java/lang/StringBuilder replace (IILjava/lang/String;)Ljava/lang/StringBuilder; 0 0 1 0 -1
ciMethod java/lang/StringBuilder toString ()Ljava/lang/String; 1529 1 35748 0 832
ciMethod java/lang/Character isValidCodePoint (I)Z 0 0 1 0 -1
ciMethod java/lang/Character highSurrogate (I)C 0 0 1 0 -1
ciMethod java/lang/Character lowSurrogate (I)C 0 0 1 0 -1
ciMethod java/util/Collection contains (Ljava/lang/Object;)Z 0 0 1 0 -1
ciMethod java/util/Collection iterator ()Ljava/util/Iterator; 0 0 1 0 -1
ciMethod java/util/List isEmpty ()Z 0 0 1 0 -1
ciMethod java/util/List iterator ()Ljava/util/Iterator; 0 0 1 0 -1
ciMethod java/util/Vector ensureCapacityHelper (I)V 2049 1 15469 0 0
ciMethod java/util/Vector grow (I)V 89 1 21 0 0
ciMethod java/util/Vector hugeCapacity (I)I 0 0 1 0 -1
ciMethod java/util/Vector size ()I 1041 1 130 0 0
ciMethod java/util/Vector contains (Ljava/lang/Object;)Z 2049 1 11366 0 0
ciMethod java/util/Vector indexOf (Ljava/lang/Object;I)I 2041 97 11366 0 0
ciMethod java/util/Vector elementAt (I)Ljava/lang/Object; 617 1 13483 0 0
ciMethod java/util/Vector removeElementAt (I)V 145 1 13385 0 0
ciMethod java/util/Vector addElement (Ljava/lang/Object;)V 2049 1 15400 0 0
ciMethod java/util/Vector elementData (I)Ljava/lang/Object; 1633 1 13483 0 0
ciMethod java/util/Stack push (Ljava/lang/Object;)Ljava/lang/Object; 2049 1 11831 0 0
ciMethod java/util/Stack pop ()Ljava/lang/Object; 145 1 11888 0 0
ciMethod java/util/Stack peek ()Ljava/lang/Object; 161 1 11890 0 0
ciMethod java/util/ArrayList isEmpty ()Z 2193 1 37633 0 64
ciMethod java/util/ArrayList iterator ()Ljava/util/Iterator; 2049 1 79745 0 160
ciMethod java/util/ArrayList access$000 (Ljava/util/ArrayList;)I 1025 1 128 0 0
ciMethod java/util/Set contains (Ljava/lang/Object;)Z 0 0 1 0 -1
ciMethod java/util/Set add (Ljava/lang/Object;)Z 0 0 1 0 -1
ciMethod java/util/HashMap hash (Ljava/lang/Object;)I 3185 1 154137 0 0
ciMethod java/util/HashMap get (Ljava/lang/Object;)Ljava/lang/Object; 411449 1 53835 0 0
ciMethod java/util/HashMap getNode (ILjava/lang/Object;)Ljava/util/HashMap$Node; 357001 3729 34329 0 0
ciMethod java/util/HashMap containsKey (Ljava/lang/Object;)Z 121 1 58392 0 640
ciMethod java/util/HashMap put (Ljava/lang/Object;Ljava/lang/Object;)Ljava/lang/Object; 1193 1 6640 0 -1
ciMethod java/lang/Math min (II)I 4097 1 90334 0 -1
ciMethod java/util/Iterator hasNext ()Z 0 0 1 0 -1
ciMethod java/util/Iterator next ()Ljava/lang/Object; 0 0 1 0 -1
ciMethod java/util/Arrays copyOf ([Ljava/lang/Object;I)[Ljava/lang/Object; 4097 1 27833 0 -1
ciMethod java/util/Arrays copyOf ([CI)[C 1873 1 8445 0 0
ciMethod java/util/Arrays copyOfRange ([CII)[C 4097 1 5745 0 512
ciMethodData java/lang/Object <init> ()V 2 667518 orig 264 152 130 51 104 0 0 0 0 128 4 53 23 0 0 0 0 32 1 0 0 0 0 0 0 0 0 0 0 0 0 0 0 0 0 0 0 0 0 0 0 0 0 0 0 0 0 0 0 0 0 0 0 0 0 0 0 0 0 0 0 0 0 0 0 0 0 0 0 0 0 0 0 0 0 0 0 0 0 0 0 77 68 79 32 101 120 116 114 97 32 100 97 116 97 32 108 111 99 107 0 0 0 0 0 0 0 0 0 0 0 0 0 0 0 0 0 0 0 0 0 0 0 0 0 0 0 0 0 0 0 0 0 0 0 0 0 0 0 0 0 0 0 0 0 0 0 0 0 0 0 0 0 0 0 0 0 0 0 0 0 0 0 0 0 0 0 0 0 0 0 0 0 0 0 0 0 0 0 0 0 0 0 0 0 1 0 0 0 0 0 0 0 1 0 0 0 0 0 0 0 1 0 0 0 0 0 0 0 0 0 0 0 0 0 0 0 0 2 0 0 241 107 81 0 1 0 0 0 0 0 0 0 0 0 0 0 2 0 0 0 0 0 3 0 1 0 0 0 0 0 0 0 255 255 255 255 0 0 0 0 0 0 0 0 data 0 oops 0
ciMethodData java/lang/String charAt (I)C 2 486007 orig 264 152 130 51 104 0 0 0 0 104 61 53 23 0 0 0 0 120 1 0 0 32 0 0 0 0 0 0 0 0 0 0 0 0 0 0 0 0 0 0 0 0 0 0 0 0 0 0 0 0 0 0 0 0 0 0 0 0 0 0 0 0 0 0 0 0 0 0 0 0 0 0 0 0 0 0 0 0 0 0 0 77 68 79 32 101 120 116 114 97 32 100 97 116 97 32 108 111 99 107 0 0 0 0 0 0 0 0 0 0 0 0 0 0 0 0 0 0 0 0 0 0 0 0 0 0 0 0 0 0 0 0 0 0 0 0 0 0 0 0 0 0 0 0 0 0 0 0 0 0 0 0 0 0 0 0 0 0 0 0 0 0 0 0 0 0 0 0 0 0 0 0 0 0 0 0 0 0 0 0 0 0 0 0 0 0 0 0 0 0 0 0 0 0 0 0 0 0 0 0 0 0 0 0 0 0 0 0 0 0 0 0 0 0 0 0 0 0 2 0 0 185 67 59 0 1 0 0 0 0 0 0 0 0 0 0 0 2 0 0 0 0 0 0 0 0 0 0 0 80 0 0 0 255 255 255 255 7 0 1 0 0 0 0 0 data 10 0x10007 0x0 0x40 0x76879 0xa0007 0x7687a 0x30 0x0 0x120002 0x0 oops 0
ciMethod java/util/HashMap$TreeNode getTreeNode (ILjava/lang/Object;)Ljava/util/HashMap$TreeNode; 0 0 1 0 -1
ciMethodData java/lang/String hashCode ()I 2 20852 orig 264 152 130 51 104 0 0 0 0 184 79 53 23 0 0 0 0 152 1 0 0 32 0 0 0 0 0 0 0 0 0 0 0 0 0 0 0 0 0 0 0 0 0 0 0 0 0 0 0 0 0 0 0 0 0 0 0 0 0 0 0 0 0 0 0 0 0 0 0 0 0 0 0 0 0 0 0 0 0 0 0 77 68 79 32 101 120 116 114 97 32 100 97 116 97 32 108 111 99 107 0 0 0 0 0 0 0 0 0 0 0 0 0 0 0 0 0 0 0 0 0 0 0 0 0 0 0 0 0 0 0 0 0 0 0 0 0 0 0 0 0 0 0 0 0 0 0 0 0 0 0 0 0 0 0 0 0 0 0 0 0 0 0 0 0 0 0 0 0 0 0 0 0 0 0 0 0 0 0 0 0 0 0 0 0 0 0 0 0 0 0 0 0 0 0 0 0 0 0 0 0 0 0 0 0 0 0 0 0 0 0 0 0 0 0 0 0 0 16 0 0 161 20 0 0 161 11 2 0 0 0 0 0 0 0 0 0 2 0 0 0 1 0 11 0 2 0 0 0 120 0 0 0 255 255 255 255 7 0 6 0 0 0 0 0 data 15 0x60007 0xf8 0x78 0x19c 0xe0007 0x2 0x58 0x19a 0x1e0007 0x19a 0x38 0x414b 0x2d0003 0x414b 0xffffffffffffffe0 oops 0
ciMethod java/util/HashSet contains (Ljava/lang/Object;)Z 2049 1 39879 0 1344
ciMethod java/util/HashSet add (Ljava/lang/Object;)Z 2049 1 31245 0 3520
ciMethodData java/lang/AbstractStringBuilder ensureCapacityInternal (I)V 2 169923 orig 26